<?xml version="1.0" encoding="UTF-8"?>
<testng-results ignored="0" total="14" passed="14" failed="0" skipped="0">
  <reporter-output>
  </reporter-output>
  <suite started-at="2024-07-20T23:51:05 IST" name="Default suite" finished-at="2024-07-20T23:51:20 IST" duration-ms="14638">
    <groups>
    </groups>
    <test started-at="2024-07-20T23:51:05 IST" name="Default test" finished-at="2024-07-20T23:51:20 IST" duration-ms="14638">
      <class name="APITesting.DummyJsonUsers">
        <test-method signature="AddNewUser()[pri:0, instance:APITesting.DummyJsonUsers@46cdf8bd]" started-at="2024-07-20T23:51:05 IST" name="AddNewUser" finished-at="2024-07-20T23:51:08 IST" duration-ms="3143" status="PASS">
          <reporter-output>
          </reporter-output>
        </test-method> <!-- AddNewUser -->
        <test-method signature="DeleteUser()[pri:0, instance:APITesting.DummyJsonUsers@46cdf8bd]" started-at="2024-07-20T23:51:08 IST" name="DeleteUser" finished-at="2024-07-20T23:51:09 IST" duration-ms="925" status="PASS">
          <reporter-output>
          </reporter-output>
        </test-method> <!-- DeleteUser -->
        <test-method signature="FilterUser()[pri:0, instance:APITesting.DummyJsonUsers@46cdf8bd]" started-at="2024-07-20T23:51:09 IST" name="FilterUser" finished-at="2024-07-20T23:51:10 IST" duration-ms="899" status="PASS">
          <reporter-output>
          </reporter-output>
        </test-method> <!-- FilterUser -->
        <test-method signature="GetAllUser()[pri:0, instance:APITesting.DummyJsonUsers@46cdf8bd]" started-at="2024-07-20T23:51:10 IST" name="GetAllUser" finished-at="2024-07-20T23:51:11 IST" duration-ms="876" status="PASS">
          <reporter-output>
          </reporter-output>
        </test-method> <!-- GetAllUser -->
        <test-method signature="GetCurrentUser()[pri:0, instance:APITesting.DummyJsonUsers@46cdf8bd]" started-at="2024-07-20T23:51:11 IST" name="GetCurrentUser" finished-at="2024-07-20T23:51:12 IST" duration-ms="902" status="PASS">
          <reporter-output>
          </reporter-output>
        </test-method> <!-- GetCurrentUser -->
        <test-method signature="GetSingleUser()[pri:0, instance:APITesting.DummyJsonUsers@46cdf8bd]" started-at="2024-07-20T23:51:12 IST" name="GetSingleUser" finished-at="2024-07-20T23:51:13 IST" duration-ms="862" status="PASS">
          <reporter-output>
          </reporter-output>
        </test-method> <!-- GetSingleUser -->
        <test-method signature="GetUsersCartsByyUserId()[pri:0, instance:APITesting.DummyJsonUsers@46cdf8bd]" started-at="2024-07-20T23:51:13 IST" name="GetUsersCartsByyUserId" finished-at="2024-07-20T23:51:14 IST" duration-ms="878" status="PASS">
          <reporter-output>
          </reporter-output>
        </test-method> <!-- GetUsersCartsByyUserId -->
        <test-method signature="GetUsersPostByyUserId()[pri:0, instance:APITesting.DummyJsonUsers@46cdf8bd]" started-at="2024-07-20T23:51:14 IST" name="GetUsersPostByyUserId" finished-at="2024-07-20T23:51:15 IST" duration-ms="835" status="PASS">
          <reporter-output>
          </reporter-output>
        </test-method> <!-- GetUsersPostByyUserId -->
        <test-method signature="GetUsersTodoByyUserId()[pri:0, instance:APITesting.DummyJsonUsers@46cdf8bd]" started-at="2024-07-20T23:51:15 IST" name="GetUsersTodoByyUserId" finished-at="2024-07-20T23:51:15 IST" duration-ms="847" status="PASS">
          <reporter-output>
          </reporter-output>
        </test-method> <!-- GetUsersTodoByyUserId -->
        <test-method signature="LimitAndSkipUser()[pri:0, instance:APITesting.DummyJsonUsers@46cdf8bd]" started-at="2024-07-20T23:51:15 IST" name="LimitAndSkipUser" finished-at="2024-07-20T23:51:16 IST" duration-ms="878" status="PASS">
          <reporter-output>
          </reporter-output>
        </test-method> <!-- LimitAndSkipUser -->
        <test-method signature="LimitAndSkipUser2()[pri:0, instance:APITesting.DummyJsonUsers@46cdf8bd]" started-at="2024-07-20T23:51:16 IST" name="LimitAndSkipUser2" finished-at="2024-07-20T23:51:17 IST" duration-ms="886" status="PASS">
          <reporter-output>
          </reporter-output>
        </test-method> <!-- LimitAndSkipUser2 -->
        <test-method signature="SearchUser()[pri:0, instance:APITesting.DummyJsonUsers@46cdf8bd]" started-at="2024-07-20T23:51:17 IST" name="SearchUser" finished-at="2024-07-20T23:51:18 IST" duration-ms="909" status="PASS">
          <reporter-output>
          </reporter-output>
        </test-method> <!-- SearchUser -->
        <test-method signature="UpdateUser()[pri:0, instance:APITesting.DummyJsonUsers@46cdf8bd]" started-at="2024-07-20T23:51:18 IST" name="UpdateUser" finished-at="2024-07-20T23:51:19 IST" duration-ms="848" status="PASS">
          <reporter-output>
          </reporter-output>
        </test-method> <!-- UpdateUser -->
        <test-method signature="loginUser()[pri:0, instance:APITesting.DummyJsonUsers@46cdf8bd]" started-at="2024-07-20T23:51:19 IST" name="loginUser" finished-at="2024-07-20T23:51:20 IST" duration-ms="876" status="PASS">
          <reporter-output>
          </reporter-output>
        </test-method> <!-- loginUser -->
      </class> <!-- APITesting.DummyJsonUsers -->
    </test> <!-- Default test -->
  </suite> <!-- Default suite -->
</testng-results>
