<?xml version="1.0" encoding="UTF-8"?>
<testng-results ignored="0" total="1" passed="1" failed="0" skipped="0">
  <reporter-output>
  </reporter-output>
  <suite started-at="2024-07-19T14:30:11 IST" name="Default suite" finished-at="2024-07-19T14:30:32 IST" duration-ms="21337">
    <groups>
    </groups>
    <test started-at="2024-07-19T14:30:11 IST" name="Default test" finished-at="2024-07-19T14:30:32 IST" duration-ms="21337">
      <class name="Test.RunnerFile">
        <test-method is-config="true" signature="bt()[pri:0, instance:Test.RunnerFile@7d9d0818]" started-at="2024-07-19T14:30:11 IST" name="bt" finished-at="2024-07-19T14:30:15 IST" duration-ms="4163" status="PASS">
          <reporter-output>
          </reporter-output>
        </test-method> <!-- bt -->
        <test-method signature="mp3()[pri:0, instance:Test.RunnerFile@7d9d0818]" started-at="2024-07-19T14:30:15 IST" name="mp3" finished-at="2024-07-19T14:30:31 IST" duration-ms="16138" status="PASS">
          <reporter-output>
          </reporter-output>
        </test-method> <!-- mp3 -->
        <test-method is-config="true" signature="close()[pri:0, instance:Test.RunnerFile@7d9d0818]" started-at="2024-07-19T14:30:31 IST" name="close" finished-at="2024-07-19T14:30:32 IST" duration-ms="985" status="PASS">
          <reporter-output>
          </reporter-output>
        </test-method> <!-- close -->
      </class> <!-- Test.RunnerFile -->
    </test> <!-- Default test -->
  </suite> <!-- Default suite -->
</testng-results>
