<?xml version="1.0" encoding="UTF-8"?>
<!-- Generated by org.testng.reporters.JUnitXMLReporter -->
<testsuite ignored="4" hostname="MIGHTYSURYA11" failures="0" tests="1" name="Default test" time="21.337" errors="0" timestamp="2024-07-19T14:30:32 IST">
  <testcase classname="Test.RunnerFile" name="mp3" time="16.138"/>
  <testcase classname="Test.RunnerFile" name="laptop" time="0.0">
    <ignored/>
  </testcase> <!-- laptop -->
  <testcase classname="Test.RunnerFile" name="mobile" time="0.0">
    <ignored/>
  </testcase> <!-- mobile -->
  <testcase classname="Test.RunnerFile" name="Camera" time="0.0">
    <ignored/>
  </testcase> <!-- Camera -->
  <testcase classname="Test.RunnerFile" name="signup" time="0.0">
    <ignored/>
  </testcase> <!-- signup -->
</testsuite> <!-- Default test -->
