<?xml version="1.0" encoding="UTF-8"?>
<!-- Generated by org.testng.reporters.JUnitXMLReporter -->
<testsuite ignored="0" hostname="MIGHTYSURYA11" failures="0" tests="14" name="Default test" time="14.638" errors="0" timestamp="2024-07-20T23:51:20 IST">
  <testcase classname="APITesting.DummyJsonUsers" name="AddNewUser" time="3.143"/>
  <testcase classname="APITesting.DummyJsonUsers" name="DeleteUser" time="0.925"/>
  <testcase classname="APITesting.DummyJsonUsers" name="FilterUser" time="0.899"/>
  <testcase classname="APITesting.DummyJsonUsers" name="GetAllUser" time="0.876"/>
  <testcase classname="APITesting.DummyJsonUsers" name="GetCurrentUser" time="0.902"/>
  <testcase classname="APITesting.DummyJsonUsers" name="GetSingleUser" time="0.862"/>
  <testcase classname="APITesting.DummyJsonUsers" name="GetUsersCartsByyUserId" time="0.878"/>
  <testcase classname="APITesting.DummyJsonUsers" name="GetUsersPostByyUserId" time="0.835"/>
  <testcase classname="APITesting.DummyJsonUsers" name="GetUsersTodoByyUserId" time="0.847"/>
  <testcase classname="APITesting.DummyJsonUsers" name="LimitAndSkipUser" time="0.878"/>
  <testcase classname="APITesting.DummyJsonUsers" name="LimitAndSkipUser2" time="0.886"/>
  <testcase classname="APITesting.DummyJsonUsers" name="SearchUser" time="0.909"/>
  <testcase classname="APITesting.DummyJsonUsers" name="UpdateUser" time="0.848"/>
  <testcase classname="APITesting.DummyJsonUsers" name="loginUser" time="0.876"/>
</testsuite> <!-- Default test -->
